2026-03-16 08:11:15 [INFO    ] __main__                       ============================================================
2026-03-16 08:11:15 [INFO    ] __main__                       Trading Bot V2 starting...
2026-03-16 08:11:15 [INFO    ] __main__                       ============================================================
2026-03-16 08:11:15 [INFO    ] __main__                       Shutting down Trading Bot V2...
2026-03-16 08:11:15 [INFO    ] src.monitoring.position_monitor PositionMonitor stopped
2026-03-16 08:11:15 [INFO    ] src.telegram.listener          Telegram listener stopped
2026-03-16 08:11:15 [INFO    ] __main__                       Trading Bot V2 stopped
2026-03-16 08:11:16 [INFO    ] __main__                       ============================================================
2026-03-16 08:11:16 [INFO    ] __main__                       Trading Bot V2 starting...
2026-03-16 08:11:16 [INFO    ] __main__                       ============================================================
2026-03-16 08:11:16 [INFO    ] __main__                       Shutting down Trading Bot V2...
2026-03-16 08:11:16 [INFO    ] src.monitoring.position_monitor PositionMonitor stopped
2026-03-16 08:11:16 [INFO    ] src.telegram.listener          Telegram listener stopped
2026-03-16 08:11:16 [INFO    ] __main__                       Trading Bot V2 stopped
2026-03-16 08:11:17 [INFO    ] __main__                       ============================================================
2026-03-16 08:11:17 [INFO    ] __main__                       Trading Bot V2 starting...
2026-03-16 08:11:17 [INFO    ] __main__                       ============================================================
2026-03-16 08:11:17 [INFO    ] __main__                       Shutting down Trading Bot V2...
2026-03-16 08:11:17 [INFO    ] src.monitoring.position_monitor PositionMonitor stopped
2026-03-16 08:11:17 [INFO    ] src.telegram.listener          Telegram listener stopped
2026-03-16 08:11:17 [INFO    ] __main__                       Trading Bot V2 stopped
2026-03-16 08:11:19 [INFO    ] __main__                       ============================================================
2026-03-16 08:11:19 [INFO    ] __main__                       Trading Bot V2 starting...
2026-03-16 08:11:19 [INFO    ] __main__                       ============================================================
2026-03-16 08:11:19 [INFO    ] __main__                       Shutting down Trading Bot V2...
2026-03-16 08:11:19 [INFO    ] src.monitoring.position_monitor PositionMonitor stopped
2026-03-16 08:11:19 [INFO    ] src.telegram.listener          Telegram listener stopped
2026-03-16 08:11:19 [INFO    ] __main__                       Trading Bot V2 stopped
2026-03-16 08:11:21 [INFO    ] __main__                       ============================================================
2026-03-16 08:11:21 [INFO    ] __main__                       Trading Bot V2 starting...
2026-03-16 08:11:21 [INFO    ] __main__                       ============================================================
2026-03-16 08:11:21 [INFO    ] __main__                       Shutting down Trading Bot V2...
2026-03-16 08:11:21 [INFO    ] src.monitoring.position_monitor PositionMonitor stopped
2026-03-16 08:11:21 [INFO    ] src.telegram.listener          Telegram listener stopped
2026-03-16 08:11:21 [INFO    ] __main__                       Trading Bot V2 stopped
2026-03-16 08:11:23 [INFO    ] __main__                       ============================================================
2026-03-16 08:11:23 [INFO    ] __main__                       Trading Bot V2 starting...
2026-03-16 08:11:23 [INFO    ] __main__                       ============================================================
2026-03-16 08:11:23 [INFO    ] __main__                       Shutting down Trading Bot V2...
2026-03-16 08:11:23 [INFO    ] src.monitoring.position_monitor PositionMonitor stopped
2026-03-16 08:11:23 [INFO    ] src.telegram.listener          Telegram listener stopped
2026-03-16 08:11:23 [INFO    ] __main__                       Trading Bot V2 stopped
2026-03-16 08:11:27 [INFO    ] __main__                       ============================================================
2026-03-16 08:11:27 [INFO    ] __main__                       Trading Bot V2 starting...
2026-03-16 08:11:27 [INFO    ] __main__                       ============================================================
2026-03-16 08:11:27 [INFO    ] __main__                       Shutting down Trading Bot V2...
2026-03-16 08:11:27 [INFO    ] src.monitoring.position_monitor PositionMonitor stopped
2026-03-16 08:11:27 [INFO    ] src.telegram.listener          Telegram listener stopped
2026-03-16 08:11:27 [INFO    ] __main__                       Trading Bot V2 stopped
2026-03-16 08:11:35 [INFO    ] __main__                       ============================================================
2026-03-16 08:11:35 [INFO    ] __main__                       Trading Bot V2 starting...
2026-03-16 08:11:35 [INFO    ] __main__                       ============================================================
2026-03-16 08:11:35 [INFO    ] __main__                       Shutting down Trading Bot V2...
2026-03-16 08:11:35 [INFO    ] src.monitoring.position_monitor PositionMonitor stopped
2026-03-16 08:11:35 [INFO    ] src.telegram.listener          Telegram listener stopped
2026-03-16 08:11:35 [INFO    ] __main__                       Trading Bot V2 stopped
2026-03-16 08:11:49 [INFO    ] __main__                       ============================================================
2026-03-16 08:11:49 [INFO    ] __main__                       Trading Bot V2 starting...
2026-03-16 08:11:49 [INFO    ] __main__                       ============================================================
2026-03-16 08:11:49 [INFO    ] __main__                       Shutting down Trading Bot V2...
2026-03-16 08:11:49 [INFO    ] src.monitoring.position_monitor PositionMonitor stopped
2026-03-16 08:11:49 [INFO    ] src.telegram.listener          Telegram listener stopped
2026-03-16 08:11:49 [INFO    ] __main__                       Trading Bot V2 stopped
2026-03-16 08:12:05 [INFO    ] __main__                       ============================================================
2026-03-16 08:12:05 [INFO    ] __main__                       Trading Bot V2 starting...
2026-03-16 08:12:05 [INFO    ] __main__                       ============================================================
2026-03-16 08:12:05 [INFO    ] src.tracking.database          Tracking database connected: data/trading_bot_v2.db
2026-03-16 08:12:05 [INFO    ] __main__                       Connecting to MT5 at metatrader5:8001...
2026-03-16 08:12:05 [WARNING ] __main__                       MT5 connect attempt 1/12 failed: Failed to connect to MT5 RPyC at metatrader5:8001: [Errno 111] Connection refused
2026-03-16 08:12:15 [WARNING ] __main__                       MT5 connect attempt 2/12 failed: Failed to connect to MT5 RPyC at metatrader5:8001: [Errno 111] Connection refused
2026-03-16 08:12:25 [WARNING ] __main__                       MT5 connect attempt 3/12 failed: Failed to connect to MT5 RPyC at metatrader5:8001: [Errno 111] Connection refused
2026-03-16 08:12:35 [WARNING ] __main__                       MT5 connect attempt 4/12 failed: Failed to connect to MT5 RPyC at metatrader5:8001: [Errno 111] Connection refused
2026-03-16 08:12:45 [WARNING ] __main__                       MT5 connect attempt 5/12 failed: Failed to connect to MT5 RPyC at metatrader5:8001: [Errno 111] Connection refused
2026-03-16 08:12:55 [WARNING ] __main__                       MT5 connect attempt 6/12 failed: Failed to connect to MT5 RPyC at metatrader5:8001: [Errno 111] Connection refused
2026-03-16 08:13:05 [WARNING ] __main__                       MT5 connect attempt 7/12 failed: Failed to connect to MT5 RPyC at metatrader5:8001: [Errno 111] Connection refused
2026-03-16 08:13:15 [WARNING ] __main__                       MT5 connect attempt 8/12 failed: Failed to connect to MT5 RPyC at metatrader5:8001: [Errno 111] Connection refused
2026-03-16 08:13:25 [WARNING ] __main__                       MT5 connect attempt 9/12 failed: Failed to connect to MT5 RPyC at metatrader5:8001: [Errno 111] Connection refused
2026-03-16 08:14:27 [INFO    ] __main__                       ============================================================
2026-03-16 08:14:27 [INFO    ] __main__                       Trading Bot V2 starting...
2026-03-16 08:14:27 [INFO    ] __main__                       ============================================================
2026-03-16 08:14:27 [INFO    ] src.tracking.database          Tracking database connected: data/trading_bot_v2.db
2026-03-16 08:14:27 [INFO    ] __main__                       Connecting to MT5 at localhost:8001...
2026-03-16 08:14:27 [WARNING ] __main__                       MT5 connect attempt 1/12 failed: Failed to connect to MT5 RPyC at localhost:8001: [Errno 111] Connection refused
2026-03-16 08:14:37 [WARNING ] __main__                       MT5 connect attempt 2/12 failed: Failed to connect to MT5 RPyC at localhost:8001: [Errno 111] Connection refused
2026-03-16 08:14:47 [WARNING ] __main__                       MT5 connect attempt 3/12 failed: Failed to connect to MT5 RPyC at localhost:8001: [Errno 111] Connection refused
2026-03-16 08:14:57 [WARNING ] __main__                       MT5 connect attempt 4/12 failed: Failed to connect to MT5 RPyC at localhost:8001: [Errno 111] Connection refused
2026-03-16 08:15:07 [WARNING ] __main__                       MT5 connect attempt 5/12 failed: Failed to connect to MT5 RPyC at localhost:8001: [Errno 111] Connection refused
2026-03-16 08:15:17 [WARNING ] __main__                       MT5 connect attempt 6/12 failed: Failed to connect to MT5 RPyC at localhost:8001: [Errno 111] Connection refused
2026-03-16 08:15:27 [WARNING ] __main__                       MT5 connect attempt 7/12 failed: Failed to connect to MT5 RPyC at localhost:8001: [Errno 111] Connection refused
2026-03-16 08:15:37 [WARNING ] __main__                       MT5 connect attempt 8/12 failed: Failed to connect to MT5 RPyC at localhost:8001: [Errno 111] Connection refused
2026-03-16 08:15:47 [WARNING ] __main__                       MT5 connect attempt 9/12 failed: Failed to connect to MT5 RPyC at localhost:8001: [Errno 111] Connection refused
2026-03-16 08:15:57 [WARNING ] __main__                       MT5 connect attempt 10/12 failed: Failed to connect to MT5 RPyC at localhost:8001: [Errno 111] Connection refused
2026-03-16 08:16:07 [WARNING ] __main__                       MT5 connect attempt 11/12 failed: Failed to connect to MT5 RPyC at localhost:8001: [Errno 111] Connection refused
2026-03-16 08:16:17 [WARNING ] __main__                       MT5 connect attempt 12/12 failed: Failed to connect to MT5 RPyC at localhost:8001: [Errno 111] Connection refused
2026-03-16 08:16:27 [ERROR   ] __main__                       Could not connect to MT5 — bot will start but cannot trade
2026-03-16 08:16:27 [ERROR   ] __main__                       Make sure the metatrader5 container is running and MT5 is logged in via VNC
2026-03-16 08:16:37 [WARNING ] src.risk.manager               Could not sync initial account state
2026-03-16 08:16:37 [INFO    ] src.risk.manager               RiskManager initialized
2026-03-16 08:16:37 [INFO    ] src.execution.executor         OrderExecutor initialized (deviation=20)
2026-03-16 08:16:37 [INFO    ] src.logging_.journal           TradeJournal initialized
2026-03-16 08:16:37 [WARNING ] src.mt5.client                 MT5 connection lost during call: Not connected. Call connect() first.
2026-03-16 08:16:37 [WARNING ] src.mt5.client                 MT5 reconnect attempt 1/10 (backoff 1.0s)
2026-03-16 08:16:37 [WARNING ] src.mt5.client                 MT5 connection lost during call: Not connected. Call connect() first.
2026-03-16 08:16:37 [WARNING ] src.mt5.client                 MT5 reconnect attempt 1/10 (backoff 1.0s)
2026-03-16 08:16:38 [WARNING ] src.mt5.client                 Reconnect attempt 1 failed: Failed to connect to MT5 RPyC at localhost:8001: [Errno 111] Connection refused
2026-03-16 08:16:38 [WARNING ] src.mt5.client                 MT5 reconnect attempt 2/10 (backoff 2.0s)
2026-03-16 08:16:38 [WARNING ] src.mt5.client                 Reconnect attempt 1 failed: Failed to connect to MT5 RPyC at localhost:8001: [Errno 111] Connection refused
2026-03-16 08:16:38 [WARNING ] src.mt5.client                 MT5 reconnect attempt 2/10 (backoff 2.0s)
2026-03-16 08:16:40 [WARNING ] src.mt5.client                 Reconnect attempt 2 failed: Failed to connect to MT5 RPyC at localhost:8001: [Errno 111] Connection refused
2026-03-16 08:16:40 [WARNING ] src.mt5.client                 MT5 reconnect attempt 3/10 (backoff 4.0s)
2026-03-16 08:16:40 [WARNING ] src.mt5.client                 Reconnect attempt 2 failed: Failed to connect to MT5 RPyC at localhost:8001: [Errno 111] Connection refused
2026-03-16 08:16:40 [WARNING ] src.mt5.client                 MT5 reconnect attempt 3/10 (backoff 4.0s)
2026-03-16 08:16:44 [WARNING ] src.mt5.client                 Reconnect attempt 3 failed: Failed to connect to MT5 RPyC at localhost:8001: [Errno 111] Connection refused
2026-03-16 08:16:44 [WARNING ] src.mt5.client                 MT5 reconnect attempt 4/10 (backoff 8.0s)
2026-03-16 08:16:44 [WARNING ] src.mt5.client                 Reconnect attempt 3 failed: Failed to connect to MT5 RPyC at localhost:8001: [Errno 111] Connection refused
2026-03-16 08:16:44 [WARNING ] src.mt5.client                 MT5 reconnect attempt 4/10 (backoff 8.0s)
2026-03-16 08:16:52 [WARNING ] src.mt5.client                 Reconnect attempt 4 failed: Failed to connect to MT5 RPyC at localhost:8001: [Errno 111] Connection refused
2026-03-16 08:16:52 [WARNING ] src.mt5.client                 MT5 reconnect attempt 5/10 (backoff 16.0s)
2026-03-16 08:16:52 [WARNING ] src.mt5.client                 Reconnect attempt 4 failed: Failed to connect to MT5 RPyC at localhost:8001: [Errno 111] Connection refused
2026-03-16 08:16:52 [WARNING ] src.mt5.client                 MT5 reconnect attempt 5/10 (backoff 16.0s)
2026-03-16 08:17:08 [WARNING ] src.mt5.client                 Reconnect attempt 5 failed: Failed to connect to MT5 RPyC at localhost:8001: [Errno 111] Connection refused
2026-03-16 08:17:08 [WARNING ] src.mt5.client                 MT5 reconnect attempt 6/10 (backoff 32.0s)
2026-03-16 08:17:08 [WARNING ] src.mt5.client                 Reconnect attempt 5 failed: Failed to connect to MT5 RPyC at localhost:8001: [Errno 111] Connection refused
2026-03-16 08:17:08 [WARNING ] src.mt5.client                 MT5 reconnect attempt 6/10 (backoff 32.0s)
2026-03-16 08:17:40 [WARNING ] src.mt5.client                 Reconnect attempt 6 failed: Failed to connect to MT5 RPyC at localhost:8001: [Errno 111] Connection refused
2026-03-16 08:17:40 [WARNING ] src.mt5.client                 MT5 reconnect attempt 7/10 (backoff 60.0s)
2026-03-16 08:17:40 [WARNING ] src.mt5.client                 Reconnect attempt 6 failed: Failed to connect to MT5 RPyC at localhost:8001: [Errno 111] Connection refused
2026-03-16 08:17:40 [WARNING ] src.mt5.client                 MT5 reconnect attempt 7/10 (backoff 60.0s)
2026-03-16 08:18:02 [INFO    ] __main__                       ============================================================
2026-03-16 08:18:02 [INFO    ] __main__                       Trading Bot V2 starting...
2026-03-16 08:18:02 [INFO    ] __main__                       ============================================================
2026-03-16 08:18:02 [INFO    ] src.tracking.database          Tracking database connected: data/trading_bot_v2.db
2026-03-16 08:18:02 [INFO    ] __main__                       Connecting to MT5 at localhost:8001...
2026-03-16 08:18:02 [WARNING ] __main__                       MT5 connect attempt 1/12 failed: Failed to connect to MT5 RPyC at localhost:8001: [Errno 111] Connection refused
2026-03-16 08:18:12 [WARNING ] __main__                       MT5 connect attempt 2/12 failed: Failed to connect to MT5 RPyC at localhost:8001: [Errno 111] Connection refused
2026-03-16 08:18:22 [WARNING ] __main__                       MT5 connect attempt 3/12 failed: Failed to connect to MT5 RPyC at localhost:8001: [Errno 111] Connection refused
2026-03-16 08:18:32 [WARNING ] __main__                       MT5 connect attempt 4/12 failed: Failed to connect to MT5 RPyC at localhost:8001: [Errno 111] Connection refused
2026-03-16 08:18:42 [WARNING ] __main__                       MT5 connect attempt 5/12 failed: Failed to connect to MT5 RPyC at localhost:8001: [Errno 111] Connection refused
2026-03-16 08:18:52 [WARNING ] __main__                       MT5 connect attempt 6/12 failed: Failed to connect to MT5 RPyC at localhost:8001: [Errno 111] Connection refused
2026-03-16 08:19:02 [WARNING ] __main__                       MT5 connect attempt 7/12 failed: Failed to connect to MT5 RPyC at localhost:8001: [Errno 111] Connection refused
2026-03-16 08:19:12 [WARNING ] __main__                       MT5 connect attempt 8/12 failed: Failed to connect to MT5 RPyC at localhost:8001: [Errno 111] Connection refused
2026-03-16 08:19:22 [WARNING ] __main__                       MT5 connect attempt 9/12 failed: Failed to connect to MT5 RPyC at localhost:8001: [Errno 111] Connection refused
2026-03-16 08:19:32 [WARNING ] __main__                       MT5 connect attempt 10/12 failed: Failed to connect to MT5 RPyC at localhost:8001: [Errno 111] Connection refused
2026-03-16 08:19:42 [WARNING ] __main__                       MT5 connect attempt 11/12 failed: Failed to connect to MT5 RPyC at localhost:8001: [Errno 111] Connection refused
2026-03-16 08:19:52 [WARNING ] __main__                       MT5 connect attempt 12/12 failed: Failed to connect to MT5 RPyC at localhost:8001: [Errno 111] Connection refused
2026-03-16 08:20:02 [ERROR   ] __main__                       Could not connect to MT5 — bot will start but cannot trade
2026-03-16 08:20:02 [ERROR   ] __main__                       Make sure the metatrader5 container is running and MT5 is logged in via VNC
2026-03-16 08:20:02 [INFO    ] src.risk.manager               RiskManager initialized
2026-03-16 08:20:02 [INFO    ] src.execution.executor         OrderExecutor initialized (deviation=20)
2026-03-16 08:20:02 [INFO    ] src.logging_.journal           TradeJournal initialized
2026-03-16 08:20:02 [WARNING ] __main__                       PositionMonitor skipped — MT5 not connected
2026-03-16 08:20:02 [INFO    ] src.logging_.daily_summary     DailySummary scheduler started
2026-03-16 08:20:02 [INFO    ] __main__                       Starting Telegram listener...
2026-03-16 08:20:08 [INFO    ] __main__                       Shutting down Trading Bot V2...
2026-03-16 08:20:08 [INFO    ] src.monitoring.position_monitor PositionMonitor stopped
2026-03-16 08:20:08 [INFO    ] src.telegram.listener          Telegram listener stopped
2026-03-16 08:20:08 [INFO    ] __main__                       Trading Bot V2 stopped
2026-03-16 08:20:09 [INFO    ] __main__                       ============================================================
2026-03-16 08:20:09 [INFO    ] __main__                       Trading Bot V2 starting...
2026-03-16 08:20:09 [INFO    ] __main__                       ============================================================
2026-03-16 08:20:09 [INFO    ] src.tracking.database          Tracking database connected: data/trading_bot_v2.db
2026-03-16 08:20:09 [INFO    ] __main__                       Connecting to MT5 at localhost:8001...
2026-03-16 08:20:09 [WARNING ] __main__                       MT5 connect attempt 1/12 failed: Failed to connect to MT5 RPyC at localhost:8001: [Errno 111] Connection refused
2026-03-16 08:20:19 [WARNING ] __main__                       MT5 connect attempt 2/12 failed: Failed to connect to MT5 RPyC at localhost:8001: [Errno 111] Connection refused
2026-03-16 08:20:29 [WARNING ] __main__                       MT5 connect attempt 3/12 failed: Failed to connect to MT5 RPyC at localhost:8001: [Errno 111] Connection refused
2026-03-16 08:24:14 [INFO    ] __main__                       ============================================================
2026-03-16 08:24:14 [INFO    ] __main__                       Trading Bot V2 starting...
2026-03-16 08:24:14 [INFO    ] __main__                       ============================================================
2026-03-16 08:24:14 [INFO    ] src.tracking.database          Tracking database connected: data/trading_bot_v2.db
2026-03-16 08:24:14 [INFO    ] __main__                       Connecting to MT5 at localhost:8001...
2026-03-16 08:24:14 [WARNING ] __main__                       MT5 connect attempt 1/12 failed: Failed to connect to MT5 RPyC at localhost:8001: [Errno 111] Connection refused
2026-03-16 08:24:24 [WARNING ] __main__                       MT5 connect attempt 2/12 failed: Failed to connect to MT5 RPyC at localhost:8001: [Errno 111] Connection refused
2026-03-16 08:24:34 [WARNING ] __main__                       MT5 connect attempt 3/12 failed: Failed to connect to MT5 RPyC at localhost:8001: [Errno 111] Connection refused
2026-03-16 08:24:44 [WARNING ] __main__                       MT5 connect attempt 4/12 failed: Failed to connect to MT5 RPyC at localhost:8001: [Errno 111] Connection refused
2026-03-16 08:24:54 [WARNING ] __main__                       MT5 connect attempt 5/12 failed: Failed to connect to MT5 RPyC at localhost:8001: [Errno 111] Connection refused
2026-03-16 08:25:04 [WARNING ] __main__                       MT5 connect attempt 6/12 failed: Failed to connect to MT5 RPyC at localhost:8001: [Errno 111] Connection refused
2026-03-16 08:25:14 [WARNING ] __main__                       MT5 connect attempt 7/12 failed: Failed to connect to MT5 RPyC at localhost:8001: [Errno 111] Connection refused
2026-03-16 08:25:24 [WARNING ] __main__                       MT5 connect attempt 8/12 failed: Failed to connect to MT5 RPyC at localhost:8001: [Errno 111] Connection refused
2026-03-16 08:25:34 [WARNING ] __main__                       MT5 connect attempt 9/12 failed: Failed to connect to MT5 RPyC at localhost:8001: [Errno 111] Connection refused
2026-03-16 08:25:44 [WARNING ] __main__                       MT5 connect attempt 10/12 failed: Failed to connect to MT5 RPyC at localhost:8001: [Errno 111] Connection refused
2026-03-16 08:25:54 [WARNING ] __main__                       MT5 connect attempt 11/12 failed: Failed to connect to MT5 RPyC at localhost:8001: [Errno 111] Connection refused
2026-03-16 08:26:04 [WARNING ] __main__                       MT5 connect attempt 12/12 failed: Failed to connect to MT5 RPyC at localhost:8001: [Errno 111] Connection refused
2026-03-16 08:26:14 [ERROR   ] __main__                       Could not connect to MT5 — bot will start but cannot trade
2026-03-16 08:26:14 [ERROR   ] __main__                       Make sure the metatrader5 container is running and MT5 is logged in via VNC
2026-03-16 08:26:14 [INFO    ] src.risk.manager               RiskManager initialized
2026-03-16 08:26:14 [INFO    ] src.execution.executor         OrderExecutor initialized (deviation=20)
2026-03-16 08:26:14 [INFO    ] src.logging_.journal           TradeJournal initialized
2026-03-16 08:26:14 [WARNING ] __main__                       PositionMonitor skipped — MT5 not connected
2026-03-16 08:26:14 [INFO    ] src.logging_.daily_summary     DailySummary scheduler started
2026-03-16 08:26:14 [INFO    ] __main__                       Starting Telegram listener...
2026-03-16 08:26:15 [INFO    ] __main__                       Shutting down Trading Bot V2...
2026-03-16 08:26:15 [INFO    ] src.monitoring.position_monitor PositionMonitor stopped
2026-03-16 08:26:15 [INFO    ] src.telegram.listener          Telegram listener stopped
2026-03-16 08:26:18 [INFO    ] __main__                       Trading Bot V2 stopped
2026-03-16 08:26:20 [INFO    ] __main__                       ============================================================
2026-03-16 08:26:20 [INFO    ] __main__                       Trading Bot V2 starting...
2026-03-16 08:26:20 [INFO    ] __main__                       ============================================================
2026-03-16 08:26:20 [INFO    ] src.tracking.database          Tracking database connected: data/trading_bot_v2.db
2026-03-16 08:26:20 [INFO    ] __main__                       Connecting to MT5 at localhost:8001...
2026-03-16 08:26:20 [WARNING ] __main__                       MT5 connect attempt 1/12 failed: Failed to connect to MT5 RPyC at localhost:8001: [Errno 111] Connection refused
2026-03-16 08:26:30 [WARNING ] __main__                       MT5 connect attempt 2/12 failed: Failed to connect to MT5 RPyC at localhost:8001: [Errno 111] Connection refused
2026-03-16 08:26:40 [WARNING ] __main__                       MT5 connect attempt 3/12 failed: Failed to connect to MT5 RPyC at localhost:8001: [Errno 111] Connection refused
2026-03-16 08:26:50 [WARNING ] __main__                       MT5 connect attempt 4/12 failed: Failed to connect to MT5 RPyC at localhost:8001: [Errno 111] Connection refused
2026-03-16 08:27:57 [INFO    ] __main__                       ============================================================
2026-03-16 08:27:57 [INFO    ] __main__                       Trading Bot V2 starting...
2026-03-16 08:27:57 [INFO    ] __main__                       ============================================================
2026-03-16 08:27:57 [INFO    ] src.tracking.database          Tracking database connected: data/trading_bot_v2.db
2026-03-16 08:27:57 [INFO    ] __main__                       Connecting to MT5 at localhost:8001...
2026-03-16 08:27:57 [WARNING ] __main__                       MT5 connect attempt 1/12 failed: Failed to connect to MT5 RPyC at localhost:8001: [Errno 111] Connection refused
2026-03-16 08:28:07 [WARNING ] __main__                       MT5 connect attempt 2/12 failed: Failed to connect to MT5 RPyC at localhost:8001: [Errno 111] Connection refused
2026-03-16 08:28:17 [WARNING ] __main__                       MT5 connect attempt 3/12 failed: Failed to connect to MT5 RPyC at localhost:8001: [Errno 111] Connection refused
2026-03-16 08:28:27 [WARNING ] __main__                       MT5 connect attempt 4/12 failed: Failed to connect to MT5 RPyC at localhost:8001: [Errno 111] Connection refused
2026-03-16 08:28:37 [WARNING ] __main__                       MT5 connect attempt 5/12 failed: Failed to connect to MT5 RPyC at localhost:8001: [Errno 111] Connection refused
2026-03-16 08:28:47 [WARNING ] __main__                       MT5 connect attempt 6/12 failed: Failed to connect to MT5 RPyC at localhost:8001: [Errno 111] Connection refused
2026-03-16 08:28:57 [WARNING ] __main__                       MT5 connect attempt 7/12 failed: Failed to connect to MT5 RPyC at localhost:8001: [Errno 111] Connection refused
2026-03-16 08:29:07 [WARNING ] __main__                       MT5 connect attempt 8/12 failed: Failed to connect to MT5 RPyC at localhost:8001: [Errno 111] Connection refused
2026-03-16 08:29:17 [WARNING ] __main__                       MT5 connect attempt 9/12 failed: Failed to connect to MT5 RPyC at localhost:8001: [Errno 111] Connection refused
2026-03-16 08:29:27 [WARNING ] __main__                       MT5 connect attempt 10/12 failed: Failed to connect to MT5 RPyC at localhost:8001: [Errno 111] Connection refused
2026-03-16 08:29:38 [WARNING ] __main__                       MT5 connect attempt 11/12 failed: Failed to connect to MT5 RPyC at localhost:8001: [Errno 111] Connection refused
2026-03-16 08:29:48 [WARNING ] __main__                       MT5 connect attempt 12/12 failed: Failed to connect to MT5 RPyC at localhost:8001: [Errno 111] Connection refused
2026-03-16 08:29:58 [ERROR   ] __main__                       Could not connect to MT5 — bot will start but cannot trade
2026-03-16 08:29:58 [ERROR   ] __main__                       Make sure the metatrader5 container is running and MT5 is logged in via VNC
2026-03-16 08:29:58 [INFO    ] src.risk.manager               RiskManager initialized
2026-03-16 08:29:58 [INFO    ] src.execution.executor         OrderExecutor initialized (deviation=20)
2026-03-16 08:29:58 [INFO    ] src.logging_.journal           TradeJournal initialized
2026-03-16 08:29:58 [WARNING ] __main__                       PositionMonitor skipped — MT5 not connected
2026-03-16 08:29:58 [INFO    ] src.logging_.daily_summary     DailySummary scheduler started
2026-03-16 08:29:58 [INFO    ] __main__                       Starting Telegram listener...
2026-03-16 08:29:58 [ERROR   ] src.telegram.listener          Telegram session not authenticated. Run the auth script first:
  python -m src.telegram.auth
Or: docker compose run --rm trading-bot python -m src.telegram.auth
2026-03-16 08:29:58 [INFO    ] __main__                       ============================================================
2026-03-16 08:29:58 [INFO    ] __main__                       Trading Bot V2 is LIVE
2026-03-16 08:29:58 [INFO    ] __main__                         Channels: 0
2026-03-16 08:29:58 [INFO    ] __main__                         Instruments: ['XAUUSD', 'XAGUSD', 'BTCUSD', 'ETHUSD']
2026-03-16 08:29:58 [INFO    ] __main__                         Risk per trade: 1.0%
2026-03-16 08:29:58 [INFO    ] __main__                         Max lot: 0.10
2026-03-16 08:29:58 [INFO    ] __main__                       ============================================================
2026-03-16 09:25:57 [INFO    ] __main__                       Shutting down Trading Bot V2...
2026-03-16 09:25:57 [INFO    ] src.monitoring.position_monitor PositionMonitor stopped
2026-03-16 09:25:57 [INFO    ] src.telegram.listener          Telegram listener stopped
